<?xml version="1.0" encoding="UTF-8"?>
<testsuite xmlns:xsi="http://www.w3.org/2001/XMLSchema-instance" xsi:noNamespaceSchemaLocation="https://maven.apache.org/surefire/maven-surefire-plugin/xsd/surefire-test-report-3.0.xsd" version="3.0" name="io.helidon.examples.quickstart.se.MainTest" time="0.447" tests="5" errors="0" skipped="0" failures="0">
  <properties>
    <property name="java.specification.version" value="17"/>
    <property name="sun.jnu.encoding" value="UTF-8"/>
    <property name="java.class.path" value="/Users/alberto/TRABAJO/REPOSITORIES/TECH-TALKS/helidon-talk/helidon-quickstart-se/target/test-classes:/Users/alberto/TRABAJO/REPOSITORIES/TECH-TALKS/helidon-talk/helidon-quickstart-se/target/classes:/Users/alberto/.m2/repository/io/helidon/webserver/helidon-webserver/3.2.2/helidon-webserver-3.2.2.jar:/Users/alberto/.m2/repository/io/helidon/common/helidon-common-reactive/3.2.2/helidon-common-reactive-3.2.2.jar:/Users/alberto/.m2/repository/io/helidon/common/helidon-common-mapper/3.2.2/helidon-common-mapper-3.2.2.jar:/Users/alberto/.m2/repository/io/helidon/common/helidon-common/3.2.2/helidon-common-3.2.2.jar:/Users/alberto/.m2/repository/io/helidon/common/helidon-common-configurable/3.2.2/helidon-common-configurable-3.2.2.jar:/Users/alberto/.m2/repository/io/helidon/common/helidon-common-http/3.2.2/helidon-common-http-3.2.2.jar:/Users/alberto/.m2/repository/io/helidon/media/helidon-media-common/3.2.2/helidon-media-common-3.2.2.jar:/Users/alberto/.m2/repository/io/helidon/config/helidon-config/3.2.2/helidon-config-3.2.2.jar:/Users/alberto/.m2/repository/io/helidon/common/helidon-common-media-type/3.2.2/helidon-common-media-type-3.2.2.jar:/Users/alberto/.m2/repository/io/helidon/common/helidon-common-key-util/3.2.2/helidon-common-key-util-3.2.2.jar:/Users/alberto/.m2/repository/io/helidon/logging/helidon-logging-common/3.2.2/helidon-logging-common-3.2.2.jar:/Users/alberto/.m2/repository/io/helidon/tracing/helidon-tracing/3.2.2/helidon-tracing-3.2.2.jar:/Users/alberto/.m2/repository/io/helidon/tracing/helidon-tracing-config/3.2.2/helidon-tracing-config-3.2.2.jar:/Users/alberto/.m2/repository/io/netty/netty-codec-http/4.1.94.Final/netty-codec-http-4.1.94.Final.jar:/Users/alberto/.m2/repository/io/netty/netty-common/4.1.94.Final/netty-common-4.1.94.Final.jar:/Users/alberto/.m2/repository/io/netty/netty-transport/4.1.94.Final/netty-transport-4.1.94.Final.jar:/Users/alberto/.m2/repository/io/netty/netty-codec/4.1.94.Final/netty-codec-4.1.94.Final.jar:/Users/alberto/.m2/repository/io/netty/netty-handler/4.1.94.Final/netty-handler-4.1.94.Final.jar:/Users/alberto/.m2/repository/io/netty/netty-resolver/4.1.94.Final/netty-resolver-4.1.94.Final.jar:/Users/alberto/.m2/repository/io/netty/netty-transport-native-unix-common/4.1.94.Final/netty-transport-native-unix-common-4.1.94.Final.jar:/Users/alberto/.m2/repository/io/helidon/config/helidon-config-yaml/3.2.2/helidon-config-yaml-3.2.2.jar:/Users/alberto/.m2/repository/org/yaml/snakeyaml/2.0/snakeyaml-2.0.jar:/Users/alberto/.m2/repository/jakarta/annotation/jakarta.annotation-api/2.0.0/jakarta.annotation-api-2.0.0.jar:/Users/alberto/.m2/repository/io/helidon/metrics/helidon-metrics/3.2.2/helidon-metrics-3.2.2.jar:/Users/alberto/.m2/repository/io/helidon/common/helidon-common-service-loader/3.2.2/helidon-common-service-loader-3.2.2.jar:/Users/alberto/.m2/repository/io/helidon/metrics/helidon-metrics-api/3.2.2/helidon-metrics-api-3.2.2.jar:/Users/alberto/.m2/repository/io/helidon/metrics/helidon-metrics-service-api/3.2.2/helidon-metrics-service-api-3.2.2.jar:/Users/alberto/.m2/repository/org/eclipse/microprofile/metrics/microprofile-metrics-api/4.0/microprofile-metrics-api-4.0.jar:/Users/alberto/.m2/repository/io/helidon/webserver/helidon-webserver-cors/3.2.2/helidon-webserver-cors-3.2.2.jar:/Users/alberto/.m2/repository/io/helidon/service-common/helidon-service-common-rest/3.2.2/helidon-service-common-rest-3.2.2.jar:/Users/alberto/.m2/repository/io/helidon/health/helidon-health/3.2.2/helidon-health-3.2.2.jar:/Users/alberto/.m2/repository/io/helidon/fault-tolerance/helidon-fault-tolerance/3.2.2/helidon-fault-tolerance-3.2.2.jar:/Users/alberto/.m2/repository/org/eclipse/microprofile/health/microprofile-health-api/4.0/microprofile-health-api-4.0.jar:/Users/alberto/.m2/repository/io/helidon/health/helidon-health-checks/3.2.2/helidon-health-checks-3.2.2.jar:/Users/alberto/.m2/repository/io/helidon/health/helidon-health-common/3.2.2/helidon-health-common-3.2.2.jar:/Users/alberto/.m2/repository/io/helidon/media/helidon-media-jsonp/3.2.2/helidon-media-jsonp-3.2.2.jar:/Users/alberto/.m2/repository/jakarta/json/jakarta.json-api/2.0.1/jakarta.json-api-2.0.1.jar:/Users/alberto/.m2/repository/org/eclipse/parsson/parsson/1.0.2/parsson-1.0.2.jar:/Users/alberto/.m2/repository/org/junit/jupiter/junit-jupiter-api/5.7.0/junit-jupiter-api-5.7.0.jar:/Users/alberto/.m2/repository/org/apiguardian/apiguardian-api/1.1.0/apiguardian-api-1.1.0.jar:/Users/alberto/.m2/repository/org/opentest4j/opentest4j/1.2.0/opentest4j-1.2.0.jar:/Users/alberto/.m2/repository/org/junit/platform/junit-platform-commons/1.7.0/junit-platform-commons-1.7.0.jar:/Users/alberto/.m2/repository/org/hamcrest/hamcrest-all/1.3/hamcrest-all-1.3.jar:/Users/alberto/.m2/repository/io/helidon/webclient/helidon-webclient/3.2.2/helidon-webclient-3.2.2.jar:/Users/alberto/.m2/repository/io/helidon/common/helidon-common-context/3.2.2/helidon-common-context-3.2.2.jar:/Users/alberto/.m2/repository/io/netty/netty-buffer/4.1.94.Final/netty-buffer-4.1.94.Final.jar:/Users/alberto/.m2/repository/io/netty/netty-handler-proxy/4.1.94.Final/netty-handler-proxy-4.1.94.Final.jar:/Users/alberto/.m2/repository/io/netty/netty-codec-socks/4.1.94.Final/netty-codec-socks-4.1.94.Final.jar:/Users/alberto/.m2/repository/io/netty/netty-resolver-dns/4.1.94.Final/netty-resolver-dns-4.1.94.Final.jar:/Users/alberto/.m2/repository/io/netty/netty-codec-dns/4.1.94.Final/netty-codec-dns-4.1.94.Final.jar:"/>
    <property name="java.vm.vendor" value="Azul Systems, Inc."/>
    <property name="sun.arch.data.model" value="64"/>
    <property name="java.vendor.url" value="http://www.azul.com/"/>
    <property name="user.timezone" value="America/Guayaquil"/>
    <property name="os.name" value="Mac OS X"/>
    <property name="java.vm.specification.version" value="17"/>
    <property name="sun.java.launcher" value="SUN_STANDARD"/>
    <property name="user.country" value="EC"/>
    <property name="sun.boot.library.path" value="/Library/Java/JavaVirtualMachines/zulu-17.jdk/Contents/Home/lib"/>
    <property name="sun.java.command" value="/Users/alberto/TRABAJO/REPOSITORIES/TECH-TALKS/helidon-talk/helidon-quickstart-se/target/surefire/surefirebooter6044037009188500783.jar /Users/alberto/TRABAJO/REPOSITORIES/TECH-TALKS/helidon-talk/helidon-quickstart-se/target/surefire 2023-07-29T15-55-06_271-jvmRun1 surefire3700391239631230879tmp surefire_02876211146216152194tmp"/>
    <property name="http.nonProxyHosts" value="local|*.local|169.254/16|*.169.254/16"/>
    <property name="jdk.debug" value="release"/>
    <property name="surefire.test.class.path" value="/Users/alberto/TRABAJO/REPOSITORIES/TECH-TALKS/helidon-talk/helidon-quickstart-se/target/test-classes:/Users/alberto/TRABAJO/REPOSITORIES/TECH-TALKS/helidon-talk/helidon-quickstart-se/target/classes:/Users/alberto/.m2/repository/io/helidon/webserver/helidon-webserver/3.2.2/helidon-webserver-3.2.2.jar:/Users/alberto/.m2/repository/io/helidon/common/helidon-common-reactive/3.2.2/helidon-common-reactive-3.2.2.jar:/Users/alberto/.m2/repository/io/helidon/common/helidon-common-mapper/3.2.2/helidon-common-mapper-3.2.2.jar:/Users/alberto/.m2/repository/io/helidon/common/helidon-common/3.2.2/helidon-common-3.2.2.jar:/Users/alberto/.m2/repository/io/helidon/common/helidon-common-configurable/3.2.2/helidon-common-configurable-3.2.2.jar:/Users/alberto/.m2/repository/io/helidon/common/helidon-common-http/3.2.2/helidon-common-http-3.2.2.jar:/Users/alberto/.m2/repository/io/helidon/media/helidon-media-common/3.2.2/helidon-media-common-3.2.2.jar:/Users/alberto/.m2/repository/io/helidon/config/helidon-config/3.2.2/helidon-config-3.2.2.jar:/Users/alberto/.m2/repository/io/helidon/common/helidon-common-media-type/3.2.2/helidon-common-media-type-3.2.2.jar:/Users/alberto/.m2/repository/io/helidon/common/helidon-common-key-util/3.2.2/helidon-common-key-util-3.2.2.jar:/Users/alberto/.m2/repository/io/helidon/logging/helidon-logging-common/3.2.2/helidon-logging-common-3.2.2.jar:/Users/alberto/.m2/repository/io/helidon/tracing/helidon-tracing/3.2.2/helidon-tracing-3.2.2.jar:/Users/alberto/.m2/repository/io/helidon/tracing/helidon-tracing-config/3.2.2/helidon-tracing-config-3.2.2.jar:/Users/alberto/.m2/repository/io/netty/netty-codec-http/4.1.94.Final/netty-codec-http-4.1.94.Final.jar:/Users/alberto/.m2/repository/io/netty/netty-common/4.1.94.Final/netty-common-4.1.94.Final.jar:/Users/alberto/.m2/repository/io/netty/netty-transport/4.1.94.Final/netty-transport-4.1.94.Final.jar:/Users/alberto/.m2/repository/io/netty/netty-codec/4.1.94.Final/netty-codec-4.1.94.Final.jar:/Users/alberto/.m2/repository/io/netty/netty-handler/4.1.94.Final/netty-handler-4.1.94.Final.jar:/Users/alberto/.m2/repository/io/netty/netty-resolver/4.1.94.Final/netty-resolver-4.1.94.Final.jar:/Users/alberto/.m2/repository/io/netty/netty-transport-native-unix-common/4.1.94.Final/netty-transport-native-unix-common-4.1.94.Final.jar:/Users/alberto/.m2/repository/io/helidon/config/helidon-config-yaml/3.2.2/helidon-config-yaml-3.2.2.jar:/Users/alberto/.m2/repository/org/yaml/snakeyaml/2.0/snakeyaml-2.0.jar:/Users/alberto/.m2/repository/jakarta/annotation/jakarta.annotation-api/2.0.0/jakarta.annotation-api-2.0.0.jar:/Users/alberto/.m2/repository/io/helidon/metrics/helidon-metrics/3.2.2/helidon-metrics-3.2.2.jar:/Users/alberto/.m2/repository/io/helidon/common/helidon-common-service-loader/3.2.2/helidon-common-service-loader-3.2.2.jar:/Users/alberto/.m2/repository/io/helidon/metrics/helidon-metrics-api/3.2.2/helidon-metrics-api-3.2.2.jar:/Users/alberto/.m2/repository/io/helidon/metrics/helidon-metrics-service-api/3.2.2/helidon-metrics-service-api-3.2.2.jar:/Users/alberto/.m2/repository/org/eclipse/microprofile/metrics/microprofile-metrics-api/4.0/microprofile-metrics-api-4.0.jar:/Users/alberto/.m2/repository/io/helidon/webserver/helidon-webserver-cors/3.2.2/helidon-webserver-cors-3.2.2.jar:/Users/alberto/.m2/repository/io/helidon/service-common/helidon-service-common-rest/3.2.2/helidon-service-common-rest-3.2.2.jar:/Users/alberto/.m2/repository/io/helidon/health/helidon-health/3.2.2/helidon-health-3.2.2.jar:/Users/alberto/.m2/repository/io/helidon/fault-tolerance/helidon-fault-tolerance/3.2.2/helidon-fault-tolerance-3.2.2.jar:/Users/alberto/.m2/repository/org/eclipse/microprofile/health/microprofile-health-api/4.0/microprofile-health-api-4.0.jar:/Users/alberto/.m2/repository/io/helidon/health/helidon-health-checks/3.2.2/helidon-health-checks-3.2.2.jar:/Users/alberto/.m2/repository/io/helidon/health/helidon-health-common/3.2.2/helidon-health-common-3.2.2.jar:/Users/alberto/.m2/repository/io/helidon/media/helidon-media-jsonp/3.2.2/helidon-media-jsonp-3.2.2.jar:/Users/alberto/.m2/repository/jakarta/json/jakarta.json-api/2.0.1/jakarta.json-api-2.0.1.jar:/Users/alberto/.m2/repository/org/eclipse/parsson/parsson/1.0.2/parsson-1.0.2.jar:/Users/alberto/.m2/repository/org/junit/jupiter/junit-jupiter-api/5.7.0/junit-jupiter-api-5.7.0.jar:/Users/alberto/.m2/repository/org/apiguardian/apiguardian-api/1.1.0/apiguardian-api-1.1.0.jar:/Users/alberto/.m2/repository/org/opentest4j/opentest4j/1.2.0/opentest4j-1.2.0.jar:/Users/alberto/.m2/repository/org/junit/platform/junit-platform-commons/1.7.0/junit-platform-commons-1.7.0.jar:/Users/alberto/.m2/repository/org/hamcrest/hamcrest-all/1.3/hamcrest-all-1.3.jar:/Users/alberto/.m2/repository/io/helidon/webclient/helidon-webclient/3.2.2/helidon-webclient-3.2.2.jar:/Users/alberto/.m2/repository/io/helidon/common/helidon-common-context/3.2.2/helidon-common-context-3.2.2.jar:/Users/alberto/.m2/repository/io/netty/netty-buffer/4.1.94.Final/netty-buffer-4.1.94.Final.jar:/Users/alberto/.m2/repository/io/netty/netty-handler-proxy/4.1.94.Final/netty-handler-proxy-4.1.94.Final.jar:/Users/alberto/.m2/repository/io/netty/netty-codec-socks/4.1.94.Final/netty-codec-socks-4.1.94.Final.jar:/Users/alberto/.m2/repository/io/netty/netty-resolver-dns/4.1.94.Final/netty-resolver-dns-4.1.94.Final.jar:/Users/alberto/.m2/repository/io/netty/netty-codec-dns/4.1.94.Final/netty-codec-dns-4.1.94.Final.jar:"/>
    <property name="sun.cpu.endian" value="little"/>
    <property name="user.home" value="/Users/alberto"/>
    <property name="user.language" value="en"/>
    <property name="java.specification.vendor" value="Oracle Corporation"/>
    <property name="io.netty.allocator.maxOrder" value="6"/>
    <property name="java.version.date" value="2022-08-12"/>
    <property name="java.home" value="/Library/Java/JavaVirtualMachines/zulu-17.jdk/Contents/Home"/>
    <property name="file.separator" value="/"/>
    <property name="basedir" value="/Users/alberto/TRABAJO/REPOSITORIES/TECH-TALKS/helidon-talk/helidon-quickstart-se"/>
    <property name="java.vm.compressedOopsMode" value="Zero based"/>
    <property name="line.separator" value="&#10;"/>
    <property name="java.vm.specification.vendor" value="Oracle Corporation"/>
    <property name="java.specification.name" value="Java Platform API Specification"/>
    <property name="surefire.real.class.path" value="/Users/alberto/TRABAJO/REPOSITORIES/TECH-TALKS/helidon-talk/helidon-quickstart-se/target/surefire/surefirebooter6044037009188500783.jar"/>
    <property name="java.util.logging.config.file" value="/Users/alberto/TRABAJO/REPOSITORIES/TECH-TALKS/helidon-talk/helidon-quickstart-se/target/classes/logging.properties"/>
    <property name="sun.management.compiler" value="HotSpot 64-Bit Tiered Compilers"/>
    <property name="ftp.nonProxyHosts" value="local|*.local|169.254/16|*.169.254/16"/>
    <property name="java.runtime.version" value="17.0.4.1+1-LTS"/>
    <property name="user.name" value="alberto"/>
    <property name="path.separator" value=":"/>
    <property name="os.version" value="13.4"/>
    <property name="java.runtime.name" value="OpenJDK Runtime Environment"/>
    <property name="file.encoding" value="UTF-8"/>
    <property name="java.vm.name" value="OpenJDK 64-Bit Server VM"/>
    <property name="java.vendor.version" value="Zulu17.36+17-CA"/>
    <property name="localRepository" value="/Users/alberto/.m2/repository"/>
    <property name="java.vendor.url.bug" value="http://www.azul.com/support/"/>
    <property name="java.io.tmpdir" value="/var/folders/7w/g5rpx49n7pndc9g85fn5fnzr0000gn/T/"/>
    <property name="java.version" value="17.0.4.1"/>
    <property name="user.dir" value="/Users/alberto/TRABAJO/REPOSITORIES/TECH-TALKS/helidon-talk/helidon-quickstart-se"/>
    <property name="os.arch" value="aarch64"/>
    <property name="java.vm.specification.name" value="Java Virtual Machine Specification"/>
    <property name="native.encoding" value="UTF-8"/>
    <property name="java.library.path" value="/Users/alberto/Library/Java/Extensions:/Library/Java/Extensions:/Network/Library/Java/Extensions:/System/Library/Java/Extensions:/usr/lib/java:."/>
    <property name="java.vm.info" value="mixed mode, sharing"/>
    <property name="java.vendor" value="Azul Systems, Inc."/>
    <property name="java.vm.version" value="17.0.4.1+1-LTS"/>
    <property name="sun.io.unicode.encoding" value="UnicodeBig"/>
    <property name="socksNonProxyHosts" value="local|*.local|169.254/16|*.169.254/16"/>
    <property name="java.class.version" value="61.0"/>
  </properties>
  <testcase name="testSimpleGreet" classname="io.helidon.examples.quickstart.se.MainTest" time="0.085">
    <system-out><![CDATA[2023.07.29 15:55:08 INFO io.helidon.common.LogConfig Thread[main,5,main]: Logging at initialization configured using /Users/alberto/TRABAJO/REPOSITORIES/TECH-TALKS/helidon-talk/helidon-quickstart-se/target/classes/logging.properties
2023.07.29 15:55:08 INFO io.helidon.common.HelidonFeatures Thread[features-thread,5,main]: Helidon SE 3.2.2 features: [Config, Fault Tolerance, Health, Metrics, Tracing, Web Client, WebServer]
2023.07.29 15:55:08 INFO io.helidon.webserver.NettyWebServer Thread[nioEventLoopGroup-2-1,10,main]: Channel '@default' started: [id: 0xa59768f4, L:/[0:0:0:0:0:0:0:0]:8080]
WEB server is up! http://localhost:8080/greet
2023.07.29 15:55:09 INFO io.helidon.examples.quickstart.se.SimpleGreetService Thread[nioEventLoopGroup-3-1,10,main]: Greeting message is Hello World!
]]></system-out>
  </testcase>
  <testcase name="testGreetings" classname="io.helidon.examples.quickstart.se.MainTest" time="0.009"/>
  <testcase name="testMetrics" classname="io.helidon.examples.quickstart.se.MainTest" time="0.009"/>
  <testcase name="testHealth" classname="io.helidon.examples.quickstart.se.MainTest" time="0.026"/>
  <testcase name="testMicroprofileMetrics" classname="io.helidon.examples.quickstart.se.MainTest" time="0.007">
    <system-out><![CDATA[2023.07.29 15:55:09 INFO io.helidon.examples.quickstart.se.SimpleGreetService Thread[nioEventLoopGroup-3-2,10,main]: Greeting message is Hello World!
]]></system-out>
  </testcase>
</testsuite>